build/app/intermediates/manifest_merge_blame_file/debug/manifest-merger-blame-debug-report.txt
1<?xml version="1.0" encoding="utf-8"?>
2<manifest xmlns:android="http://schemas.android.com/apk/res/android"
3    package="com.fredrikbogg.tinder_app_flutter"
4    android:versionCode="1"
5    android:versionName="1.0.0" >
6
7    <uses-sdk
8        android:minSdkVersion="19"
9        android:targetSdkVersion="31" />
10    <!--
11         Flutter needs it to communicate with the running application
12         to allow setting breakpoints, to provide hot reload, etc.
13    -->
14    <uses-permission android:name="android.permission.INTERNET" />
14-->src\debug\AndroidManifest.xml:6:5-66
14-->src\debug\AndroidManifest.xml:6:22-64
15    <uses-permission android:name="android.permission.WAKE_LOCK" />
15-->[:firebase_messaging] AndroidManifest.xml:8:5-68
15-->[:firebase_messaging] AndroidManifest.xml:8:22-65
16    <uses-permission android:name="android.permission.ACCESS_NETWORK_STATE" /> <!-- Required by older versions of Google Play services to create IID tokens -->
16-->[:firebase_messaging] AndroidManifest.xml:9:5-79
16-->[:firebase_messaging] AndroidManifest.xml:9:22-76
17    <uses-permission android:name="com.google.android.c2dm.permission.RECEIVE" />
17-->[com.google.firebase:firebase-messaging:23.0.0] AndroidManifest.xml:25:5-82
17-->[com.google.firebase:firebase-messaging:23.0.0] AndroidManifest.xml:25:22-79
18    <uses-permission android:name="com.google.android.finsky.permission.BIND_GET_INSTALL_REFERRER_SERVICE" /> <!-- Include required permissions for Advertising Id -->
18-->[com.google.android.gms:play-services-measurement:20.0.2] AndroidManifest.xml:26:5-110
18-->[com.google.android.gms:play-services-measurement:20.0.2] AndroidManifest.xml:26:22-107
19    <uses-permission android:name="com.google.android.gms.permission.AD_ID" />
19-->[com.google.android.gms:play-services-ads-identifier:18.0.0] AndroidManifest.xml:23:5-79
19-->[com.google.android.gms:play-services-ads-identifier:18.0.0] AndroidManifest.xml:23:22-76
20    <!--
21 io.flutter.app.FlutterApplication is an android.app.Application that
22         calls FlutterMain.startInitialization(this); in its onCreate method.
23         In most cases you can leave this as-is, but you if you want to provide
24         additional functionality it is fine to subclass or reimplement
25         FlutterApplication and put your custom class here.
26    -->
27    <application
28        android:name="android.app.Application"
29        android:appComponentFactory="androidx.core.app.CoreComponentFactory"
29-->[androidx.core:core:1.6.0] AndroidManifest.xml:24:18-86
30        android:debuggable="true"
31        android:icon="@mipmap/ic_launcher"
32        android:label="Tinder App Flutter"
33        android:supportsRtl="true" >
33-->[com.facebook.android:facebook-login:12.3.0] AndroidManifest.xml:28:18-44
34        <activity
35            android:name="com.fredrikbogg.tinder_app_flutter.MainActivity"
36            android:configChanges="orientation|keyboardHidden|keyboard|screenSize|smallestScreenSize|locale|layoutDirection|fontScale|screenLayout|density|uiMode"
37            android:exported="true"
38            android:hardwareAccelerated="true"
39            android:launchMode="singleTop"
40            android:theme="@style/LaunchTheme"
41            android:windowSoftInputMode="adjustResize" >
42
43            <!--
44                 Specifies an Android theme to apply to this Activity as soon as
45                 the Android process has started. This theme is visible to the user
46                 while the Flutter UI initializes. After that, this theme continues
47                 to determine the Window background behind the Flutter UI.
48            -->
49            <meta-data
50                android:name="io.flutter.embedding.android.NormalTheme"
51                android:resource="@style/NormalTheme" />
52            <!--
53                 Displays an Android View that continues showing the launch screen
54                 Drawable until Flutter paints its first frame, then this splash
55                 screen fades out. A splash screen is useful to avoid any visual
56                 gap between the end of Android's launch screen and the painting of
57                 Flutter's first frame.
58            -->
59            <meta-data
60                android:name="io.flutter.embedding.android.SplashScreenDrawable"
61                android:resource="@drawable/launch_background" />
62
63            <intent-filter>
64                <action android:name="android.intent.action.MAIN" />
65
66                <category android:name="android.intent.category.LAUNCHER" />
67            </intent-filter>
68        </activity>
69        <!--
70             Don't delete the meta-data below.
71             This is used by the Flutter tool to generate GeneratedPluginRegistrant.java
72        -->
73        <meta-data
74            android:name="flutterEmbedding"
75            android:value="2" />
76
77        <service
77-->[:firebase_auth] AndroidManifest.xml:8:9-12:19
78            android:name="com.google.firebase.components.ComponentDiscoveryService"
78-->[:firebase_auth] AndroidManifest.xml:8:18-89
79            android:directBootAware="true"
79-->[com.google.firebase:firebase-common:20.0.0] AndroidManifest.xml:35:13-43
80            android:exported="false" >
80-->[com.google.firebase:firebase-analytics-ktx:20.0.2] AndroidManifest.xml:10:13-37
81            <meta-data
81-->[:firebase_auth] AndroidManifest.xml:9:13-11:85
82                android:name="com.google.firebase.components:io.flutter.plugins.firebase.auth.FlutterFirebaseAuthRegistrar"
82-->[:firebase_auth] AndroidManifest.xml:10:17-124
83                android:value="com.google.firebase.components.ComponentRegistrar" />
83-->[:firebase_auth] AndroidManifest.xml:11:17-82
84            <meta-data
84-->[:firebase_storage] AndroidManifest.xml:9:13-11:85
85                android:name="com.google.firebase.components:io.flutter.plugins.firebase.storage.FlutterFirebaseAppRegistrar"
85-->[:firebase_storage] AndroidManifest.xml:10:17-126
86                android:value="com.google.firebase.components.ComponentRegistrar" />
86-->[:firebase_storage] AndroidManifest.xml:11:17-82
87            <meta-data
87-->[:cloud_firestore] AndroidManifest.xml:9:13-11:85
88                android:name="com.google.firebase.components:io.flutter.plugins.firebase.firestore.FlutterFirebaseFirestoreRegistrar"
88-->[:cloud_firestore] AndroidManifest.xml:10:17-134
89                android:value="com.google.firebase.components.ComponentRegistrar" />
89-->[:cloud_firestore] AndroidManifest.xml:11:17-82
90            <meta-data
90-->[:firebase_messaging] AndroidManifest.xml:34:13-36:85
91                android:name="com.google.firebase.components:io.flutter.plugins.firebase.messaging.FlutterFirebaseAppRegistrar"
91-->[:firebase_messaging] AndroidManifest.xml:35:17-128
92                android:value="com.google.firebase.components.ComponentRegistrar" />
92-->[:firebase_messaging] AndroidManifest.xml:36:17-82
93            <meta-data
93-->[:firebase_core] AndroidManifest.xml:9:13-11:85
94                android:name="com.google.firebase.components:io.flutter.plugins.firebase.core.FlutterFirebaseCoreRegistrar"
94-->[:firebase_core] AndroidManifest.xml:10:17-124
95                android:value="com.google.firebase.components.ComponentRegistrar" />
95-->[:firebase_core] AndroidManifest.xml:11:17-82
96            <meta-data
96-->[com.google.firebase:firebase-analytics-ktx:20.0.2] AndroidManifest.xml:11:13-13:85
97                android:name="com.google.firebase.components:com.google.firebase.analytics.ktx.FirebaseAnalyticsKtxRegistrar"
97-->[com.google.firebase:firebase-analytics-ktx:20.0.2] AndroidManifest.xml:12:17-126
98                android:value="com.google.firebase.components.ComponentRegistrar" />
98-->[com.google.firebase:firebase-analytics-ktx:20.0.2] AndroidManifest.xml:13:17-82
99            <meta-data
99-->[com.google.firebase:firebase-common-ktx:20.0.0] AndroidManifest.xml:15:13-17:85
100                android:name="com.google.firebase.components:com.google.firebase.ktx.FirebaseCommonKtxRegistrar"
100-->[com.google.firebase:firebase-common-ktx:20.0.0] AndroidManifest.xml:16:17-113
101                android:value="com.google.firebase.components.ComponentRegistrar" />
101-->[com.google.firebase:firebase-common-ktx:20.0.0] AndroidManifest.xml:17:17-82
102            <meta-data
102-->[com.google.firebase:firebase-messaging:23.0.0] AndroidManifest.xml:52:13-54:85
103                android:name="com.google.firebase.components:com.google.firebase.messaging.FirebaseMessagingRegistrar"
103-->[com.google.firebase:firebase-messaging:23.0.0] AndroidManifest.xml:53:17-119
104                android:value="com.google.firebase.components.ComponentRegistrar" />
104-->[com.google.firebase:firebase-messaging:23.0.0] AndroidManifest.xml:54:17-82
105            <meta-data
105-->[com.google.firebase:firebase-datatransport:18.0.0] AndroidManifest.xml:28:13-30:85
106                android:name="com.google.firebase.components:com.google.firebase.datatransport.TransportRegistrar"
106-->[com.google.firebase:firebase-datatransport:18.0.0] AndroidManifest.xml:29:17-115
107                android:value="com.google.firebase.components.ComponentRegistrar" />
107-->[com.google.firebase:firebase-datatransport:18.0.0] AndroidManifest.xml:30:17-82
108            <meta-data
108-->[com.google.firebase:firebase-auth:21.0.1] AndroidManifest.xml:77:13-79:85
109                android:name="com.google.firebase.components:com.google.firebase.auth.FirebaseAuthRegistrar"
109-->[com.google.firebase:firebase-auth:21.0.1] AndroidManifest.xml:78:17-109
110                android:value="com.google.firebase.components.ComponentRegistrar" />
110-->[com.google.firebase:firebase-auth:21.0.1] AndroidManifest.xml:79:17-82
111            <meta-data
111-->[com.google.firebase:firebase-firestore:24.0.1] AndroidManifest.xml:20:13-22:85
112                android:name="com.google.firebase.components:com.google.firebase.firestore.FirestoreRegistrar"
112-->[com.google.firebase:firebase-firestore:24.0.1] AndroidManifest.xml:21:17-111
113                android:value="com.google.firebase.components.ComponentRegistrar" />
113-->[com.google.firebase:firebase-firestore:24.0.1] AndroidManifest.xml:22:17-82
114            <meta-data
114-->[com.google.firebase:firebase-storage:20.0.0] AndroidManifest.xml:33:13-35:85
115                android:name="com.google.firebase.components:com.google.firebase.storage.StorageRegistrar"
115-->[com.google.firebase:firebase-storage:20.0.0] AndroidManifest.xml:34:17-107
116                android:value="com.google.firebase.components.ComponentRegistrar" />
116-->[com.google.firebase:firebase-storage:20.0.0] AndroidManifest.xml:35:17-82
117            <meta-data
117-->[com.google.android.gms:play-services-measurement-api:20.0.2] AndroidManifest.xml:30:13-32:85
118                android:name="com.google.firebase.components:com.google.firebase.analytics.connector.internal.AnalyticsConnectorRegistrar"
118-->[com.google.android.gms:play-services-measurement-api:20.0.2] AndroidManifest.xml:31:17-139
119                android:value="com.google.firebase.components.ComponentRegistrar" />
119-->[com.google.android.gms:play-services-measurement-api:20.0.2] AndroidManifest.xml:32:17-82
120            <meta-data
120-->[com.google.firebase:firebase-installations:17.0.0] AndroidManifest.xml:18:13-20:85
121                android:name="com.google.firebase.components:com.google.firebase.installations.FirebaseInstallationsRegistrar"
121-->[com.google.firebase:firebase-installations:17.0.0] AndroidManifest.xml:19:17-127
122                android:value="com.google.firebase.components.ComponentRegistrar" />
122-->[com.google.firebase:firebase-installations:17.0.0] AndroidManifest.xml:20:17-82
123        </service>
124        <service
124-->[:firebase_messaging] AndroidManifest.xml:12:9-15:72
125            android:name="io.flutter.plugins.firebase.messaging.FlutterFirebaseMessagingBackgroundService"
125-->[:firebase_messaging] AndroidManifest.xml:13:13-107
126            android:exported="false"
126-->[:firebase_messaging] AndroidManifest.xml:14:13-37
127            android:permission="android.permission.BIND_JOB_SERVICE" />
127-->[:firebase_messaging] AndroidManifest.xml:15:13-69
128        <service
128-->[:firebase_messaging] AndroidManifest.xml:16:9-22:19
129            android:name="io.flutter.plugins.firebase.messaging.FlutterFirebaseMessagingService"
129-->[:firebase_messaging] AndroidManifest.xml:17:13-97
130            android:exported="false" >
130-->[:firebase_messaging] AndroidManifest.xml:18:13-37
131            <intent-filter>
131-->[:firebase_messaging] AndroidManifest.xml:19:13-21:29
132                <action android:name="com.google.firebase.MESSAGING_EVENT" />
132-->[:firebase_messaging] AndroidManifest.xml:20:17-78
132-->[:firebase_messaging] AndroidManifest.xml:20:25-75
133            </intent-filter>
134        </service>
135
136        <receiver
136-->[:firebase_messaging] AndroidManifest.xml:24:9-31:20
137            android:name="io.flutter.plugins.firebase.messaging.FlutterFirebaseMessagingReceiver"
137-->[:firebase_messaging] AndroidManifest.xml:25:13-98
138            android:exported="true"
138-->[:firebase_messaging] AndroidManifest.xml:26:13-36
139            android:permission="com.google.android.c2dm.permission.SEND" >
139-->[:firebase_messaging] AndroidManifest.xml:27:13-73
140            <intent-filter>
140-->[:firebase_messaging] AndroidManifest.xml:28:13-30:29
141                <action android:name="com.google.android.c2dm.intent.RECEIVE" />
141-->[:firebase_messaging] AndroidManifest.xml:29:17-81
141-->[:firebase_messaging] AndroidManifest.xml:29:25-78
142            </intent-filter>
143        </receiver>
144
145        <provider
145-->[:firebase_messaging] AndroidManifest.xml:39:9-43:38
146            android:name="io.flutter.plugins.firebase.messaging.FlutterFirebaseMessagingInitProvider"
146-->[:firebase_messaging] AndroidManifest.xml:40:13-102
147            android:authorities="com.fredrikbogg.tinder_app_flutter.flutterfirebasemessaginginitprovider"
147-->[:firebase_messaging] AndroidManifest.xml:41:13-88
148            android:exported="false"
148-->[:firebase_messaging] AndroidManifest.xml:42:13-37
149            android:initOrder="99" />
149-->[:firebase_messaging] AndroidManifest.xml:43:13-35
150        <provider
150-->[:image_picker] AndroidManifest.xml:8:9-16:20
151            android:name="io.flutter.plugins.imagepicker.ImagePickerFileProvider"
151-->[:image_picker] AndroidManifest.xml:9:13-82
152            android:authorities="com.fredrikbogg.tinder_app_flutter.flutter.image_provider"
152-->[:image_picker] AndroidManifest.xml:10:13-74
153            android:exported="false"
153-->[:image_picker] AndroidManifest.xml:11:13-37
154            android:grantUriPermissions="true" >
154-->[:image_picker] AndroidManifest.xml:12:13-47
155            <meta-data
155-->[:image_picker] AndroidManifest.xml:13:13-15:75
156                android:name="android.support.FILE_PROVIDER_PATHS"
156-->[:image_picker] AndroidManifest.xml:14:17-67
157                android:resource="@xml/flutter_image_picker_file_paths" />
157-->[:image_picker] AndroidManifest.xml:15:17-72
158        </provider>
159
160        <activity
160-->[com.facebook.android:facebook-common:12.3.0] AndroidManifest.xml:30:9-33:66
161            android:name="com.facebook.FacebookActivity"
161-->[com.facebook.android:facebook-common:12.3.0] AndroidManifest.xml:31:13-57
162            android:configChanges="keyboard|keyboardHidden|screenLayout|screenSize|orientation"
162-->[com.facebook.android:facebook-common:12.3.0] AndroidManifest.xml:32:13-96
163            android:theme="@style/com_facebook_activity_theme" />
163-->[com.facebook.android:facebook-common:12.3.0] AndroidManifest.xml:33:13-63
164        <activity android:name="com.facebook.CustomTabMainActivity" />
164-->[com.facebook.android:facebook-common:12.3.0] AndroidManifest.xml:34:9-71
164-->[com.facebook.android:facebook-common:12.3.0] AndroidManifest.xml:34:19-68
165        <activity
165-->[com.facebook.android:facebook-common:12.3.0] AndroidManifest.xml:35:9-49:20
166            android:name="com.facebook.CustomTabActivity"
166-->[com.facebook.android:facebook-common:12.3.0] AndroidManifest.xml:36:13-58
167            android:exported="true" >
167-->[com.facebook.android:facebook-common:12.3.0] AndroidManifest.xml:37:13-36
168            <intent-filter>
168-->[com.facebook.android:facebook-common:12.3.0] AndroidManifest.xml:39:13-48:29
169                <action android:name="android.intent.action.VIEW" />
169-->[com.facebook.android:facebook-common:12.3.0] AndroidManifest.xml:40:17-69
169-->[com.facebook.android:facebook-common:12.3.0] AndroidManifest.xml:40:25-66
170
171                <category android:name="android.intent.category.DEFAULT" />
171-->[com.facebook.android:facebook-common:12.3.0] AndroidManifest.xml:42:17-76
171-->[com.facebook.android:facebook-common:12.3.0] AndroidManifest.xml:42:27-73
172                <category android:name="android.intent.category.BROWSABLE" />
172-->[com.facebook.android:facebook-common:12.3.0] AndroidManifest.xml:43:17-78
172-->[com.facebook.android:facebook-common:12.3.0] AndroidManifest.xml:43:27-75
173
174                <data
174-->[com.facebook.android:facebook-common:12.3.0] AndroidManifest.xml:45:17-47:50
175                    android:host="cct.com.fredrikbogg.tinder_app_flutter"
175-->[com.facebook.android:facebook-common:12.3.0] AndroidManifest.xml:46:21-56
176                    android:scheme="fbconnect" />
176-->[com.facebook.android:facebook-common:12.3.0] AndroidManifest.xml:47:21-47
177            </intent-filter>
178        </activity>
179        <!--
180         The initialization ContentProvider will call FacebookSdk.sdkInitialize automatically
181         with the application context. This config is merged in with the host app's manifest,
182         but there can only be one provider with the same authority activated at any given
183         point; so if the end user has two or more different apps that use Facebook SDK, only the
184         first one will be able to use the provider. To work around this problem, we use the
185         following placeholder in the authority to identify each host application as if it was
186         a completely different provider.
187        -->
188        <provider
188-->[com.facebook.android:facebook-core:12.3.0] AndroidManifest.xml:39:9-42:40
189            android:name="com.facebook.internal.FacebookInitProvider"
189-->[com.facebook.android:facebook-core:12.3.0] AndroidManifest.xml:40:13-70
190            android:authorities="com.fredrikbogg.tinder_app_flutter.FacebookInitProvider"
190-->[com.facebook.android:facebook-core:12.3.0] AndroidManifest.xml:41:13-72
191            android:exported="false" />
191-->[com.facebook.android:facebook-core:12.3.0] AndroidManifest.xml:42:13-37
192
193        <receiver
193-->[com.facebook.android:facebook-core:12.3.0] AndroidManifest.xml:44:9-50:20
194            android:name="com.facebook.CurrentAccessTokenExpirationBroadcastReceiver"
194-->[com.facebook.android:facebook-core:12.3.0] AndroidManifest.xml:45:13-86
195            android:exported="false" >
195-->[com.facebook.android:facebook-core:12.3.0] AndroidManifest.xml:46:13-37
196            <intent-filter>
196-->[com.facebook.android:facebook-core:12.3.0] AndroidManifest.xml:47:13-49:29
197                <action android:name="com.facebook.sdk.ACTION_CURRENT_ACCESS_TOKEN_CHANGED" />
197-->[com.facebook.android:facebook-core:12.3.0] AndroidManifest.xml:48:17-95
197-->[com.facebook.android:facebook-core:12.3.0] AndroidManifest.xml:48:25-92
198            </intent-filter>
199        </receiver>
200        <receiver
200-->[com.facebook.android:facebook-core:12.3.0] AndroidManifest.xml:51:9-57:20
201            android:name="com.facebook.AuthenticationTokenManager$CurrentAuthenticationTokenChangedBroadcastReceiver"
201-->[com.facebook.android:facebook-core:12.3.0] AndroidManifest.xml:52:13-118
202            android:exported="false" >
202-->[com.facebook.android:facebook-core:12.3.0] AndroidManifest.xml:53:13-37
203            <intent-filter>
203-->[com.facebook.android:facebook-core:12.3.0] AndroidManifest.xml:54:13-56:29
204                <action android:name="com.facebook.sdk.ACTION_CURRENT_AUTHENTICATION_TOKEN_CHANGED" />
204-->[com.facebook.android:facebook-core:12.3.0] AndroidManifest.xml:55:17-103
204-->[com.facebook.android:facebook-core:12.3.0] AndroidManifest.xml:55:25-100
205            </intent-filter>
206        </receiver>
207
208        <uses-library
208-->[androidx.window:window:1.0.0-beta04] AndroidManifest.xml:25:9-27:40
209            android:name="androidx.window.extensions"
209-->[androidx.window:window:1.0.0-beta04] AndroidManifest.xml:26:13-54
210            android:required="false" />
210-->[androidx.window:window:1.0.0-beta04] AndroidManifest.xml:27:13-37
211        <uses-library
211-->[androidx.window:window:1.0.0-beta04] AndroidManifest.xml:28:9-30:40
212            android:name="androidx.window.sidecar"
212-->[androidx.window:window:1.0.0-beta04] AndroidManifest.xml:29:13-51
213            android:required="false" />
213-->[androidx.window:window:1.0.0-beta04] AndroidManifest.xml:30:13-37
214
215        <receiver
215-->[com.google.firebase:firebase-messaging:23.0.0] AndroidManifest.xml:28:9-35:20
216            android:name="com.google.firebase.iid.FirebaseInstanceIdReceiver"
216-->[com.google.firebase:firebase-messaging:23.0.0] AndroidManifest.xml:29:13-78
217            android:exported="true"
217-->[com.google.firebase:firebase-messaging:23.0.0] AndroidManifest.xml:30:13-36
218            android:permission="com.google.android.c2dm.permission.SEND" >
218-->[com.google.firebase:firebase-messaging:23.0.0] AndroidManifest.xml:31:13-73
219            <intent-filter>
219-->[:firebase_messaging] AndroidManifest.xml:28:13-30:29
220                <action android:name="com.google.android.c2dm.intent.RECEIVE" />
220-->[:firebase_messaging] AndroidManifest.xml:29:17-81
220-->[:firebase_messaging] AndroidManifest.xml:29:25-78
221            </intent-filter>
222        </receiver>
223        <!--
224             FirebaseMessagingService performs security checks at runtime,
225             but set to not exported to explicitly avoid allowing another app to call it.
226        -->
227        <service
227-->[com.google.firebase:firebase-messaging:23.0.0] AndroidManifest.xml:41:9-48:19
228            android:name="com.google.firebase.messaging.FirebaseMessagingService"
228-->[com.google.firebase:firebase-messaging:23.0.0] AndroidManifest.xml:42:13-82
229            android:directBootAware="true"
229-->[com.google.firebase:firebase-messaging:23.0.0] AndroidManifest.xml:43:13-43
230            android:exported="false" >
230-->[com.google.firebase:firebase-messaging:23.0.0] AndroidManifest.xml:44:13-37
231            <intent-filter android:priority="-500" >
231-->[:firebase_messaging] AndroidManifest.xml:19:13-21:29
232                <action android:name="com.google.firebase.MESSAGING_EVENT" />
232-->[:firebase_messaging] AndroidManifest.xml:20:17-78
232-->[:firebase_messaging] AndroidManifest.xml:20:25-75
233            </intent-filter>
234        </service>
235        <service
235-->[com.google.android.datatransport:transport-backend-cct:3.0.0] AndroidManifest.xml:29:9-35:19
236            android:name="com.google.android.datatransport.runtime.backends.TransportBackendDiscovery"
236-->[com.google.android.datatransport:transport-backend-cct:3.0.0] AndroidManifest.xml:30:13-103
237            android:exported="false" >
237-->[com.google.android.datatransport:transport-backend-cct:3.0.0] AndroidManifest.xml:31:13-37
238            <meta-data
238-->[com.google.android.datatransport:transport-backend-cct:3.0.0] AndroidManifest.xml:32:13-34:39
239                android:name="backend:com.google.android.datatransport.cct.CctBackendFactory"
239-->[com.google.android.datatransport:transport-backend-cct:3.0.0] AndroidManifest.xml:33:17-94
240                android:value="cct" />
240-->[com.google.android.datatransport:transport-backend-cct:3.0.0] AndroidManifest.xml:34:17-36
241        </service>
242
243        <activity
243-->[com.google.firebase:firebase-auth:21.0.1] AndroidManifest.xml:27:9-44:20
244            android:name="com.google.firebase.auth.internal.GenericIdpActivity"
244-->[com.google.firebase:firebase-auth:21.0.1] AndroidManifest.xml:28:13-80
245            android:excludeFromRecents="true"
245-->[com.google.firebase:firebase-auth:21.0.1] AndroidManifest.xml:29:13-46
246            android:exported="true"
246-->[com.google.firebase:firebase-auth:21.0.1] AndroidManifest.xml:30:13-36
247            android:launchMode="singleTask"
247-->[com.google.firebase:firebase-auth:21.0.1] AndroidManifest.xml:31:13-44
248            android:theme="@android:style/Theme.Translucent.NoTitleBar" >
248-->[com.google.firebase:firebase-auth:21.0.1] AndroidManifest.xml:32:13-72
249            <intent-filter>
249-->[com.google.firebase:firebase-auth:21.0.1] AndroidManifest.xml:33:13-43:29
250                <action android:name="android.intent.action.VIEW" />
250-->[com.facebook.android:facebook-common:12.3.0] AndroidManifest.xml:40:17-69
250-->[com.facebook.android:facebook-common:12.3.0] AndroidManifest.xml:40:25-66
251
252                <category android:name="android.intent.category.DEFAULT" />
252-->[com.facebook.android:facebook-common:12.3.0] AndroidManifest.xml:42:17-76
252-->[com.facebook.android:facebook-common:12.3.0] AndroidManifest.xml:42:27-73
253                <category android:name="android.intent.category.BROWSABLE" />
253-->[com.facebook.android:facebook-common:12.3.0] AndroidManifest.xml:43:17-78
253-->[com.facebook.android:facebook-common:12.3.0] AndroidManifest.xml:43:27-75
254
255                <data
255-->[com.facebook.android:facebook-common:12.3.0] AndroidManifest.xml:45:17-47:50
256                    android:host="firebase.auth"
256-->[com.facebook.android:facebook-common:12.3.0] AndroidManifest.xml:46:21-56
257                    android:path="/"
258                    android:scheme="genericidp" />
258-->[com.facebook.android:facebook-common:12.3.0] AndroidManifest.xml:47:21-47
259            </intent-filter>
260        </activity>
261        <activity
261-->[com.google.firebase:firebase-auth:21.0.1] AndroidManifest.xml:45:9-62:20
262            android:name="com.google.firebase.auth.internal.RecaptchaActivity"
262-->[com.google.firebase:firebase-auth:21.0.1] AndroidManifest.xml:46:13-79
263            android:excludeFromRecents="true"
263-->[com.google.firebase:firebase-auth:21.0.1] AndroidManifest.xml:47:13-46
264            android:exported="true"
264-->[com.google.firebase:firebase-auth:21.0.1] AndroidManifest.xml:48:13-36
265            android:launchMode="singleTask"
265-->[com.google.firebase:firebase-auth:21.0.1] AndroidManifest.xml:49:13-44
266            android:theme="@android:style/Theme.Translucent.NoTitleBar" >
266-->[com.google.firebase:firebase-auth:21.0.1] AndroidManifest.xml:50:13-72
267            <intent-filter>
267-->[com.google.firebase:firebase-auth:21.0.1] AndroidManifest.xml:51:13-61:29
268                <action android:name="android.intent.action.VIEW" />
268-->[com.facebook.android:facebook-common:12.3.0] AndroidManifest.xml:40:17-69
268-->[com.facebook.android:facebook-common:12.3.0] AndroidManifest.xml:40:25-66
269
270                <category android:name="android.intent.category.DEFAULT" />
270-->[com.facebook.android:facebook-common:12.3.0] AndroidManifest.xml:42:17-76
270-->[com.facebook.android:facebook-common:12.3.0] AndroidManifest.xml:42:27-73
271                <category android:name="android.intent.category.BROWSABLE" />
271-->[com.facebook.android:facebook-common:12.3.0] AndroidManifest.xml:43:17-78
271-->[com.facebook.android:facebook-common:12.3.0] AndroidManifest.xml:43:27-75
272
273                <data
273-->[com.facebook.android:facebook-common:12.3.0] AndroidManifest.xml:45:17-47:50
274                    android:host="firebase.auth"
274-->[com.facebook.android:facebook-common:12.3.0] AndroidManifest.xml:46:21-56
275                    android:path="/"
276                    android:scheme="recaptcha" />
276-->[com.facebook.android:facebook-common:12.3.0] AndroidManifest.xml:47:21-47
277            </intent-filter>
278        </activity>
279
280        <service
280-->[com.google.firebase:firebase-auth:21.0.1] AndroidManifest.xml:64:9-73:19
281            android:name="com.google.firebase.auth.api.fallback.service.FirebaseAuthFallbackService"
281-->[com.google.firebase:firebase-auth:21.0.1] AndroidManifest.xml:65:13-101
282            android:enabled="true"
282-->[com.google.firebase:firebase-auth:21.0.1] AndroidManifest.xml:66:13-35
283            android:exported="false" >
283-->[com.google.firebase:firebase-auth:21.0.1] AndroidManifest.xml:67:13-37
284            <intent-filter>
284-->[com.google.firebase:firebase-auth:21.0.1] AndroidManifest.xml:68:13-72:29
285                <action android:name="com.google.firebase.auth.api.gms.service.START" />
285-->[com.google.firebase:firebase-auth:21.0.1] AndroidManifest.xml:69:17-89
285-->[com.google.firebase:firebase-auth:21.0.1] AndroidManifest.xml:69:25-86
286
287                <category android:name="android.intent.category.DEFAULT" />
287-->[com.facebook.android:facebook-common:12.3.0] AndroidManifest.xml:42:17-76
287-->[com.facebook.android:facebook-common:12.3.0] AndroidManifest.xml:42:27-73
288            </intent-filter>
289        </service>
290
291        <provider
291-->[com.google.firebase:firebase-common:20.0.0] AndroidManifest.xml:26:9-31:39
292            android:name="com.google.firebase.provider.FirebaseInitProvider"